# JRE version: OpenJDK Runtime Environment (11.0.11+9) (build 11.0.11+9-b60-7590822)
# Java VM: OpenJDK 64-Bit Server VM (11.0.11+9-b60-7590822, mixed mode, tiered, compressed oops, g1 gc, windows-amd64)
Heap:
 garbage-first heap   total 646144K, used 205549K [0x0000000080000000, 0x0000000100000000)
  region size 1024K, 11 young (11264K), 11 survivors (11264K)
 Metaspace       used 100505K, capacity 103346K, committed 103920K, reserved 1138688K
  class space    used 13114K, capacity 14218K, committed 14540K, reserved 1048576K
GC Heap History (20 events):
Event: 13.046 GC heap after
{Heap after GC invocations=23 (full 0):
 garbage-first heap   total 315392K, used 166368K [0x0000000080000000, 0x0000000100000000)
  region size 1024K, 6 young (6144K), 6 survivors (6144K)
 Metaspace       used 98859K, capacity 101500K, committed 102640K, reserved 1138688K
  class space    used 13017K, capacity 14064K, committed 14540K, reserved 1048576K
}
Event: 13.235 GC heap before
{Heap before GC invocations=23 (full 0):
 garbage-first heap   total 315392K, used 254432K [0x0000000080000000, 0x0000000100000000)
  region size 1024K, 92 young (94208K), 6 survivors (6144K)
 Metaspace       used 99078K, capacity 101705K, committed 102896K, reserved 1138688K
  class space    used 13031K, capacity 14087K, committed 14540K, reserved 1048576K
}
Event: 13.251 GC heap after
{Heap after GC invocations=24 (full 0):
 garbage-first heap   total 378880K, used 169442K [0x0000000080000000, 0x0000000100000000)
  region size 1024K, 9 young (9216K), 9 survivors (9216K)
 Metaspace       used 99078K, capacity 101705K, committed 102896K, reserved 1138688K
  class space    used 13031K, capacity 14087K, committed 14540K, reserved 1048576K
}
Event: 13.693 GC heap before
{Heap before GC invocations=25 (full 0):
 garbage-first heap   total 378880K, used 285154K [0x0000000080000000, 0x0000000100000000)
  region size 1024K, 123 young (125952K), 9 survivors (9216K)
 Metaspace       used 99593K, capacity 102254K, committed 103408K, reserved 1138688K
  class space    used 13031K, capacity 14088K, committed 14540K, reserved 1048576K
}
Event: 13.705 GC heap after
{Heap after GC invocations=26 (full 0):
 garbage-first heap   total 378880K, used 171702K [0x0000000080000000, 0x0000000100000000)
  region size 1024K, 8 young (8192K), 8 survivors (8192K)
 Metaspace       used 99593K, capacity 102254K, committed 103408K, reserved 1138688K
  class space    used 13031K, capacity 14088K, committed 14540K, reserved 1048576K
}
Event: 13.915 GC heap before
{Heap before GC invocations=26 (full 0):
 garbage-first heap   total 378880K, used 291510K [0x0000000080000000, 0x0000000100000000)
  region size 1024K, 126 young (129024K), 8 survivors (8192K)
 Metaspace       used 99729K, capacity 102397K, committed 103408K, reserved 1138688K
  class space    used 13031K, capacity 14088K, committed 14540K, reserved 1048576K
}
Event: 13.923 GC heap after
{Heap after GC invocations=27 (full 0):
 garbage-first heap   total 378880K, used 173242K [0x0000000080000000, 0x0000000100000000)
  region size 1024K, 10 young (10240K), 10 survivors (10240K)
 Metaspace       used 99729K, capacity 102397K, committed 103408K, reserved 1138688K
  class space    used 13031K, capacity 14088K, committed 14540K, reserved 1048576K
}
Event: 14.107 GC heap before
{Heap before GC invocations=27 (full 0):
 garbage-first heap   total 378880K, used 298170K [0x0000000080000000, 0x0000000100000000)
  region size 1024K, 133 young (136192K), 10 survivors (10240K)
 Metaspace       used 99809K, capacity 102471K, committed 103408K, reserved 1138688K
  class space    used 13032K, capacity 14088K, committed 14540K, reserved 1048576K
}
Event: 14.121 GC heap after
{Heap after GC invocations=28 (full 0):
 garbage-first heap   total 378880K, used 180630K [0x0000000080000000, 0x0000000100000000)
  region size 1024K, 15 young (15360K), 15 survivors (15360K)
 Metaspace       used 99809K, capacity 102471K, committed 103408K, reserved 1138688K
  class space    used 13032K, capacity 14088K, committed 14540K, reserved 1048576K
}
Event: 14.306 GC heap before
{Heap before GC invocations=28 (full 0):
 garbage-first heap   total 378880K, used 302486K [0x0000000080000000, 0x0000000100000000)
  region size 1024K, 135 young (138240K), 15 survivors (15360K)
 Metaspace       used 99900K, capacity 102554K, committed 103664K, reserved 1138688K
  class space    used 13033K, capacity 14091K, committed 14540K, reserved 1048576K
}
Event: 14.320 GC heap after
{Heap after GC invocations=29 (full 0):
 garbage-first heap   total 378880K, used 182821K [0x0000000080000000, 0x0000000100000000)
  region size 1024K, 12 young (12288K), 12 survivors (12288K)
 Metaspace       used 99900K, capacity 102554K, committed 103664K, reserved 1138688K
  class space    used 13033K, capacity 14091K, committed 14540K, reserved 1048576K
}
Event: 14.504 GC heap before
{Heap before GC invocations=29 (full 0):
 garbage-first heap   total 378880K, used 307749K [0x0000000080000000, 0x0000000100000000)
  region size 1024K, 134 young (137216K), 12 survivors (12288K)
 Metaspace       used 100214K, capacity 102975K, committed 103664K, reserved 1138688K
  class space    used 13095K, capacity 14189K, committed 14540K, reserved 1048576K
}
Event: 14.555 GC heap after
{Heap after GC invocations=30 (full 0):
 garbage-first heap   total 448512K, used 189933K [0x0000000080000000, 0x0000000100000000)
  region size 1024K, 12 young (12288K), 12 survivors (12288K)
 Metaspace       used 100214K, capacity 102975K, committed 103664K, reserved 1138688K
  class space    used 13095K, capacity 14189K, committed 14540K, reserved 1048576K
}
Event: 14.993 GC heap before
{Heap before GC invocations=30 (full 0):
 garbage-first heap   total 448512K, used 356845K [0x0000000080000000, 0x0000000100000000)
  region size 1024K, 176 young (180224K), 12 survivors (12288K)
 Metaspace       used 100390K, capacity 103128K, committed 103664K, reserved 1138688K
  class space    used 13111K, capacity 14212K, committed 14540K, reserved 1048576K
}
Event: 15.009 GC heap after
{Heap after GC invocations=31 (full 0):
 garbage-first heap   total 448512K, used 191987K [0x0000000080000000, 0x0000000100000000)
  region size 1024K, 14 young (14336K), 14 survivors (14336K)
 Metaspace       used 100390K, capacity 103128K, committed 103664K, reserved 1138688K
  class space    used 13111K, capacity 14212K, committed 14540K, reserved 1048576K
}
Event: 15.223 GC heap before
{Heap before GC invocations=32 (full 0):
 garbage-first heap   total 448512K, used 362995K [0x0000000080000000, 0x0000000100000000)
  region size 1024K, 182 young (186368K), 14 survivors (14336K)
 Metaspace       used 100479K, capacity 103281K, committed 103920K, reserved 1138688K
  class space    used 13114K, capacity 14218K, committed 14540K, reserved 1048576K
}
Event: 15.239 GC heap after
{Heap after GC invocations=33 (full 0):
 garbage-first heap   total 448512K, used 199999K [0x0000000080000000, 0x0000000100000000)
  region size 1024K, 19 young (19456K), 19 survivors (19456K)
 Metaspace       used 100479K, capacity 103281K, committed 103920K, reserved 1138688K
  class space    used 13114K, capacity 14218K, committed 14540K, reserved 1048576K
}
Event: 15.244 GC heap before
{Heap before GC invocations=33 (full 0):
 garbage-first heap   total 448512K, used 202047K [0x0000000080000000, 0x0000000100000000)
  region size 1024K, 21 young (21504K), 19 survivors (19456K)
 Metaspace       used 100479K, capacity 103281K, committed 103920K, reserved 1138688K
  class space    used 13114K, capacity 14218K, committed 14540K, reserved 1048576K
}
Event: 15.256 GC heap after
{Heap after GC invocations=34 (full 0):
 garbage-first heap   total 448512K, used 197651K [0x0000000080000000, 0x0000000100000000)
  region size 1024K, 3 young (3072K), 3 survivors (3072K)
 Metaspace       used 100479K, capacity 103281K, committed 103920K, reserved 1138688K
  class space    used 13114K, capacity 14218K, committed 14540K, reserved 1048576K
}
Event: 15.476 GC heap before
{Heap before GC invocations=34 (full 0):
 garbage-first heap   total 448512K, used 370707K [0x0000000080000000, 0x0000000100000000)
  region size 1024K, 172 young (176128K), 3 survivors (3072K)
 Metaspace       used 100505K, capacity 103346K, committed 103920K, reserved 1138688K
  class space    used 13114K, capacity 14218K, committed 14540K, reserved 1048576K
}

