# JRE version: OpenJDK Runtime Environment (11.0.11+9) (build 11.0.11+9-b60-7590822)
# Java VM: OpenJDK 64-Bit Server VM (11.0.11+9-b60-7590822, mixed mode, tiered, compressed oops, g1 gc, windows-amd64)
Heap:
 garbage-first heap   total 784384K, used 212161K [0x0000000080000000, 0x0000000100000000)
  region size 1024K, 8 young (8192K), 8 survivors (8192K)
 Metaspace       used 133572K, capacity 138393K, committed 138420K, reserved 1169408K
  class space    used 16450K, capacity 18236K, committed 18240K, reserved 1048576K
GC Heap History (20 events):
Event: 1369.687 GC heap after
{Heap after GC invocations=92 (full 0):
 garbage-first heap   total 317440K, used 159744K [0x0000000080000000, 0x0000000100000000)
  region size 1024K, 15 young (15360K), 15 survivors (15360K)
 Metaspace       used 132554K, capacity 137239K, committed 137396K, reserved 1169408K
  class space    used 16418K, capacity 18168K, committed 18240K, reserved 1048576K
}
Event: 1369.689 GC heap before
{Heap before GC invocations=92 (full 0):
 garbage-first heap   total 317440K, used 160768K [0x0000000080000000, 0x0000000100000000)
  region size 1024K, 16 young (16384K), 15 survivors (15360K)
 Metaspace       used 132554K, capacity 137239K, committed 137396K, reserved 1169408K
  class space    used 16418K, capacity 18168K, committed 18240K, reserved 1048576K
}
Event: 1369.710 GC heap after
{Heap after GC invocations=93 (full 0):
 garbage-first heap   total 317440K, used 162571K [0x0000000080000000, 0x0000000100000000)
  region size 1024K, 2 young (2048K), 2 survivors (2048K)
 Metaspace       used 132554K, capacity 137239K, committed 137396K, reserved 1169408K
  class space    used 16418K, capacity 18168K, committed 18240K, reserved 1048576K
}
Event: 1369.892 GC heap before
{Heap before GC invocations=93 (full 0):
 garbage-first heap   total 317440K, used 248587K [0x0000000080000000, 0x0000000100000000)
  region size 1024K, 87 young (89088K), 2 survivors (2048K)
 Metaspace       used 132648K, capacity 137348K, committed 137652K, reserved 1169408K
  class space    used 16428K, capacity 18182K, committed 18240K, reserved 1048576K
}
Event: 1369.913 GC heap after
{Heap after GC invocations=94 (full 0):
 garbage-first heap   total 317440K, used 172032K [0x0000000080000000, 0x0000000100000000)
  region size 1024K, 11 young (11264K), 11 survivors (11264K)
 Metaspace       used 132648K, capacity 137348K, committed 137652K, reserved 1169408K
  class space    used 16428K, capacity 18182K, committed 18240K, reserved 1048576K
}
Event: 1370.317 GC heap before
{Heap before GC invocations=94 (full 0):
 garbage-first heap   total 317440K, used 252928K [0x0000000080000000, 0x0000000100000000)
  region size 1024K, 91 young (93184K), 11 survivors (11264K)
 Metaspace       used 132875K, capacity 137640K, committed 137908K, reserved 1169408K
  class space    used 16429K, capacity 18209K, committed 18240K, reserved 1048576K
}
Event: 1370.338 GC heap after
{Heap after GC invocations=95 (full 0):
 garbage-first heap   total 317440K, used 180822K [0x0000000080000000, 0x0000000100000000)
  region size 1024K, 9 young (9216K), 9 survivors (9216K)
 Metaspace       used 132875K, capacity 137640K, committed 137908K, reserved 1169408K
  class space    used 16429K, capacity 18209K, committed 18240K, reserved 1048576K
}
Event: 1370.494 GC heap before
{Heap before GC invocations=96 (full 0):
 garbage-first heap   total 317440K, used 256598K [0x0000000080000000, 0x0000000100000000)
  region size 1024K, 84 young (86016K), 9 survivors (9216K)
 Metaspace       used 132905K, capacity 137646K, committed 137908K, reserved 1169408K
  class space    used 16431K, capacity 18211K, committed 18240K, reserved 1048576K
}
Event: 1370.510 GC heap after
{Heap after GC invocations=97 (full 0):
 garbage-first heap   total 317440K, used 186420K [0x0000000080000000, 0x0000000100000000)
  region size 1024K, 6 young (6144K), 6 survivors (6144K)
 Metaspace       used 132905K, capacity 137646K, committed 137908K, reserved 1169408K
  class space    used 16431K, capacity 18211K, committed 18240K, reserved 1048576K
}
Event: 1370.532 GC heap before
{Heap before GC invocations=97 (full 0):
 garbage-first heap   total 317440K, used 195636K [0x0000000080000000, 0x0000000100000000)
  region size 1024K, 15 young (15360K), 6 survivors (6144K)
 Metaspace       used 132915K, capacity 137655K, committed 137908K, reserved 1169408K
  class space    used 16432K, capacity 18214K, committed 18240K, reserved 1048576K
}
Event: 1370.543 GC heap after
{Heap after GC invocations=98 (full 0):
 garbage-first heap   total 317440K, used 183074K [0x0000000080000000, 0x0000000100000000)
  region size 1024K, 2 young (2048K), 2 survivors (2048K)
 Metaspace       used 132915K, capacity 137655K, committed 137908K, reserved 1169408K
  class space    used 16432K, capacity 18214K, committed 18240K, reserved 1048576K
}
Event: 1370.698 GC heap before
{Heap before GC invocations=98 (full 0):
 garbage-first heap   total 317440K, used 258850K [0x0000000080000000, 0x0000000100000000)
  region size 1024K, 77 young (78848K), 2 survivors (2048K)
 Metaspace       used 133036K, capacity 137789K, committed 137908K, reserved 1169408K
  class space    used 16433K, capacity 18215K, committed 18240K, reserved 1048576K
}
Event: 1370.718 GC heap after
{Heap after GC invocations=99 (full 0):
 garbage-first heap   total 457728K, used 189867K [0x0000000080000000, 0x0000000100000000)
  region size 1024K, 9 young (9216K), 9 survivors (9216K)
 Metaspace       used 133036K, capacity 137789K, committed 137908K, reserved 1169408K
  class space    used 16433K, capacity 18215K, committed 18240K, reserved 1048576K
}
Event: 1371.243 GC heap before
{Heap before GC invocations=100 (full 0):
 garbage-first heap   total 457728K, used 327083K [0x0000000080000000, 0x0000000100000000)
  region size 1024K, 144 young (147456K), 9 survivors (9216K)
 Metaspace       used 133364K, capacity 138166K, committed 138420K, reserved 1169408K
  class space    used 16441K, capacity 18227K, committed 18240K, reserved 1048576K
}
Event: 1371.265 GC heap after
{Heap after GC invocations=101 (full 0):
 garbage-first heap   total 457728K, used 198752K [0x0000000080000000, 0x0000000100000000)
  region size 1024K, 17 young (17408K), 17 survivors (17408K)
 Metaspace       used 133364K, capacity 138166K, committed 138420K, reserved 1169408K
  class space    used 16441K, capacity 18227K, committed 18240K, reserved 1048576K
}
Event: 1371.466 GC heap before
{Heap before GC invocations=101 (full 0):
 garbage-first heap   total 457728K, used 339040K [0x0000000080000000, 0x0000000100000000)
  region size 1024K, 155 young (158720K), 17 survivors (17408K)
 Metaspace       used 133474K, capacity 138235K, committed 138420K, reserved 1169408K
  class space    used 16445K, capacity 18228K, committed 18240K, reserved 1048576K
}
Event: 1371.516 GC heap after
{Heap after GC invocations=102 (full 0):
 garbage-first heap   total 457728K, used 209037K [0x0000000080000000, 0x0000000100000000)
  region size 1024K, 20 young (20480K), 20 survivors (20480K)
 Metaspace       used 133474K, capacity 138235K, committed 138420K, reserved 1169408K
  class space    used 16445K, capacity 18228K, committed 18240K, reserved 1048576K
}
Event: 1371.876 GC heap before
{Heap before GC invocations=102 (full 0):
 garbage-first heap   total 457728K, used 349325K [0x0000000080000000, 0x0000000100000000)
  region size 1024K, 157 young (160768K), 20 survivors (20480K)
 Metaspace       used 133512K, capacity 138309K, committed 138420K, reserved 1169408K
  class space    used 16447K, capacity 18231K, committed 18240K, reserved 1048576K
}
Event: 1371.895 GC heap after
{Heap after GC invocations=103 (full 0):
 garbage-first heap   total 457728K, used 210944K [0x0000000080000000, 0x0000000100000000)
  region size 1024K, 6 young (6144K), 6 survivors (6144K)
 Metaspace       used 133512K, capacity 138309K, committed 138420K, reserved 1169408K
  class space    used 16447K, capacity 18231K, committed 18240K, reserved 1048576K
}
Event: 1372.176 GC heap before
{Heap before GC invocations=104 (full 0):
 garbage-first heap   total 457728K, used 355327K [0x0000000080000000, 0x0000000100000000)
  region size 1024K, 148 young (151552K), 6 survivors (6144K)
 Metaspace       used 133572K, capacity 138393K, committed 138420K, reserved 1169408K
  class space    used 16450K, capacity 18236K, committed 18240K, reserved 1048576K
}

